<?xml version="1.0" encoding="UTF-8"?>
<testng-results skipped="0" failed="0" total="1" passed="1">
  <reporter-output>
  </reporter-output>
  <suite name="Suite" duration-ms="13184" started-at="2017-09-02T10:52:00Z" finished-at="2017-09-02T10:52:13Z">
    <groups>
    </groups>
    <test name="Test" duration-ms="13184" started-at="2017-09-02T10:52:00Z" finished-at="2017-09-02T10:52:13Z">
      <class name="demo_jenkins.jenkins_demo1">
        <test-method status="PASS" signature="testjenkins()[pri:0, instance:demo_jenkins.jenkins_demo1@5b1d2887]" name="testjenkins" duration-ms="13130" started-at="2017-09-02T16:22:00Z" finished-at="2017-09-02T16:22:13Z">
          <reporter-output>
          </reporter-output>
        </test-method> <!-- testjenkins -->
      </class> <!-- demo_jenkins.jenkins_demo1 -->
    </test> <!-- Test -->
  </suite> <!-- Suite -->
</testng-results>
